<?xml version="1.0" encoding="UTF-8" ?>
<testsuite errors="0" failures="0" name="com.ibatis.jpetstore.persistence.AccountDaoTest" tests="5" time="0.045">
  <properties>
[...]
</properties>
  <testcase classname="com.ibatis.jpetstore.persistence.AccountDaoTest" name="testShouldFindDefaultUserAccountByUsernameAndPassword" time="0.024"></testcase>
  <testcase classname="com.ibatis.jpetstore.persistence.AccountDaoTest" name="testShouldFindDefaultUserAccountByUsername" time="0.001"></testcase>
  <testcase classname="com.ibatis.jpetstore.persistence.AccountDaoTest" name="testShouldInsertNewAccount" time="0.016"></testcase>
  <testcase classname="com.ibatis.jpetstore.persistence.AccountDaoTest" name="testShouldUpdateAccountEmailAddress" time="0.002"></testcase>
  <testcase classname="com.ibatis.jpetstore.persistence.AccountDaoTest" name="testDummy" time="0.0"></testcase>
  <system-out><![CDATA[EMMA: collecting runtime coverage data ...
]]></system-out>
  <system-err><![CDATA[]]></system-err>
</testsuite>
