<?xml version="1.0" encoding="UTF-8" ?>
<testsuites>
  <testsuite errors="0" failures="0" id="0" name="BeanTest" package="com.ibatis.jpetstore.domain" tests="1" time="0.546">
  
    <properties>
[...]
</properties>

      <testcase classname="com.ibatis.jpetstore.domain.BeanTest" name="testAllReadWriteProperties" time="0.524"></testcase>

      <system-out><![CDATA[EMMA: collecting runtime coverage data ...
]]></system-out>

      <system-err><![CDATA[]]></system-err>

  </testsuite>
  <testsuite errors="0" failures="0" id="1" name="AccountDaoTest" package="com.ibatis.jpetstore.persistence" tests="5" time="0.045">
  
    <properties>
[...]
</properties>

      <testcase classname="com.ibatis.jpetstore.persistence.AccountDaoTest" name="testShouldFindDefaultUserAccountByUsernameAndPassword" time="0.024"></testcase>

      <testcase classname="com.ibatis.jpetstore.persistence.AccountDaoTest" name="testShouldFindDefaultUserAccountByUsername" time="0.001"></testcase>

      <testcase classname="com.ibatis.jpetstore.persistence.AccountDaoTest" name="testShouldInsertNewAccount" time="0.016"></testcase>

      <testcase classname="com.ibatis.jpetstore.persistence.AccountDaoTest" name="testShouldUpdateAccountEmailAddress" time="0.002"></testcase>

      <testcase classname="com.ibatis.jpetstore.persistence.AccountDaoTest" name="testDummy" time="0.0"></testcase>

      <system-out><![CDATA[EMMA: collecting runtime coverage data ...
]]></system-out>

      <system-err><![CDATA[]]></system-err>

  </testsuite>
  <testsuite errors="0" failures="0" id="2" name="BasePersistenceTest" package="com.ibatis.jpetstore.persistence" tests="1" time="0.004">
  
    <properties>
[...]
</properties>

      <testcase classname="com.ibatis.jpetstore.persistence.BasePersistenceTest" name="testDummy" time="0.001"></testcase>

      <system-out><![CDATA[EMMA: collecting runtime coverage data ...
]]></system-out>

      <system-err><![CDATA[]]></system-err>

  </testsuite>
  <testsuite errors="0" failures="0" id="3" name="CategoryDaoTest" package="com.ibatis.jpetstore.persistence" tests="3" time="0.027">
  
    <properties>
[...]
</properties>

      <testcase classname="com.ibatis.jpetstore.persistence.CategoryDaoTest" name="testShouldFindCategoryByID" time="0.024"></testcase>

      <testcase classname="com.ibatis.jpetstore.persistence.CategoryDaoTest" name="testShouldVerifyCategoryListContainsFiveItems" time="0.001"></testcase>

      <testcase classname="com.ibatis.jpetstore.persistence.CategoryDaoTest" name="testDummy" time="0.0"></testcase>

      <system-out><![CDATA[EMMA: collecting runtime coverage data ...
]]></system-out>

      <system-err><![CDATA[]]></system-err>

  </testsuite>
  <testsuite errors="0" failures="0" id="4" name="ItemDaoTest" package="com.ibatis.jpetstore.persistence" tests="6" time="0.036">
  
    <properties>
[...]
</properties>

      <testcase classname="com.ibatis.jpetstore.persistence.ItemDaoTest" name="testShouldFindItemByID" time="0.026"></testcase>

      <testcase classname="com.ibatis.jpetstore.persistence.ItemDaoTest" name="testShouldVerifyItemIsInStock" time="0.0"></testcase>

      <testcase classname="com.ibatis.jpetstore.persistence.ItemDaoTest" name="testShouldUpdateInventoryForItem" time="0.003"></testcase>

      <testcase classname="com.ibatis.jpetstore.persistence.ItemDaoTest" name="testShouldVerifyItemIsOutOfStock" time="0.001"></testcase>

      <testcase classname="com.ibatis.jpetstore.persistence.ItemDaoTest" name="testShouldListTwoItemsForGivenProduct" time="0.002"></testcase>

      <testcase classname="com.ibatis.jpetstore.persistence.ItemDaoTest" name="testDummy" time="0.001"></testcase>

      <system-out><![CDATA[EMMA: collecting runtime coverage data ...
]]></system-out>

      <system-err><![CDATA[]]></system-err>

  </testsuite>
  <testsuite errors="0" failures="0" id="5" name="OrderDaoTest" package="com.ibatis.jpetstore.persistence" tests="3" time="0.032">
  
    <properties>
[...]
</properties>

      <testcase classname="com.ibatis.jpetstore.persistence.OrderDaoTest" name="testShouldListASingleOrderForAUser" time="0.028"></testcase>

      <testcase classname="com.ibatis.jpetstore.persistence.OrderDaoTest" name="testShouldInsertNewOrderWithLineItems" time="0.002"></testcase>

      <testcase classname="com.ibatis.jpetstore.persistence.OrderDaoTest" name="testDummy" time="0.0"></testcase>

      <system-out><![CDATA[EMMA: collecting runtime coverage data ...
]]></system-out>

      <system-err><![CDATA[]]></system-err>

  </testsuite>
  <testsuite errors="0" failures="0" id="6" name="ProductDaoTest" package="com.ibatis.jpetstore.persistence" tests="4" time="0.038">
  
    <properties>
[...]
</properties>

      <testcase classname="com.ibatis.jpetstore.persistence.ProductDaoTest" name="testShouldListProductsForACategory" time="0.025"></testcase>

      <testcase classname="com.ibatis.jpetstore.persistence.ProductDaoTest" name="testShouldFindAllProductsContainingKeyword" time="0.009"></testcase>

      <testcase classname="com.ibatis.jpetstore.persistence.ProductDaoTest" name="testShouldFindSpecificProductByID" time="0.001"></testcase>

      <testcase classname="com.ibatis.jpetstore.persistence.ProductDaoTest" name="testDummy" time="0.0"></testcase>

      <system-out><![CDATA[EMMA: collecting runtime coverage data ...
]]></system-out>

      <system-err><![CDATA[]]></system-err>

  </testsuite>
  <testsuite errors="0" failures="0" id="7" name="SequenceDaoTest" package="com.ibatis.jpetstore.persistence" tests="2" time="0.027">
  
    <properties>
[...]
</properties>

      <testcase classname="com.ibatis.jpetstore.persistence.SequenceDaoTest" name="testSequenceShouldReturnIncrementalIdNumbers" time="0.025"></testcase>

      <testcase classname="com.ibatis.jpetstore.persistence.SequenceDaoTest" name="testDummy" time="0.0"></testcase>

      <system-out><![CDATA[EMMA: collecting runtime coverage data ...
]]></system-out>

      <system-err><![CDATA[]]></system-err>

  </testsuite>
  <testsuite errors="0" failures="0" id="8" name="AccountBeanTest" package="com.ibatis.jpetstore.presentation" tests="11" time="0.601">
  
    <properties>
[...]
</properties>

      <testcase classname="com.ibatis.jpetstore.presentation.AccountBeanTest" name="testShouldSuccessfullyCallServicesToUpdateExistingAccount" time="0.576"></testcase>

      <testcase classname="com.ibatis.jpetstore.presentation.AccountBeanTest" name="testShouldSuccessfullyCallServicesToCreateNewAccount" time="0.0"></testcase>

      <testcase classname="com.ibatis.jpetstore.presentation.AccountBeanTest" name="testShouldCallEditAccountFormReturningSuccess" time="0.0"></testcase>

      <testcase classname="com.ibatis.jpetstore.presentation.AccountBeanTest" name="testShouldSwitchPageDirection" time="0.001"></testcase>

      <testcase classname="com.ibatis.jpetstore.presentation.AccountBeanTest" name="testShouldSignoffAccount" time="0.0"></testcase>

      <testcase classname="com.ibatis.jpetstore.presentation.AccountBeanTest" name="testShouldSignonAccount" time="0.001"></testcase>

      <testcase classname="com.ibatis.jpetstore.presentation.AccountBeanTest" name="testShouldFailToSignonAccount" time="0.0"></testcase>

      <testcase classname="com.ibatis.jpetstore.presentation.AccountBeanTest" name="testShouldGetCategories" time="0.0"></testcase>

      <testcase classname="com.ibatis.jpetstore.presentation.AccountBeanTest" name="testShouldGetLanguages" time="0.001"></testcase>

      <testcase classname="com.ibatis.jpetstore.presentation.AccountBeanTest" name="testShouldResetBooleanOptions" time="0.0"></testcase>

      <testcase classname="com.ibatis.jpetstore.presentation.AccountBeanTest" name="testShouldClearAccountBean" time="0.0"></testcase>

      <system-out><![CDATA[EMMA: collecting runtime coverage data ...
]]></system-out>

      <system-err><![CDATA[]]></system-err>

  </testsuite>
  <testsuite errors="0" failures="0" id="9" name="CartBeanTest" package="com.ibatis.jpetstore.presentation" tests="7" time="0.555">
  
    <properties>
[...]
</properties>

      <testcase classname="com.ibatis.jpetstore.presentation.CartBeanTest" name="testShouldClearAllCartData" time="0.528"></testcase>

      <testcase classname="com.ibatis.jpetstore.presentation.CartBeanTest" name="testShouldAddItemToCart" time="0.004"></testcase>

      <testcase classname="com.ibatis.jpetstore.presentation.CartBeanTest" name="testShouldRemoveItemFromCart" time="0.0"></testcase>

      <testcase classname="com.ibatis.jpetstore.presentation.CartBeanTest" name="testShouldFailToRemoveItemFromCart" time="0.001"></testcase>

      <testcase classname="com.ibatis.jpetstore.presentation.CartBeanTest" name="testShouldUpdateCartQuantities" time="0.0"></testcase>

      <testcase classname="com.ibatis.jpetstore.presentation.CartBeanTest" name="testShouldSuccessfullyReturnFromViewCart" time="0.0"></testcase>

      <testcase classname="com.ibatis.jpetstore.presentation.CartBeanTest" name="testShouldSwitchPagesBackAndForth" time="0.001"></testcase>

      <system-out><![CDATA[EMMA: collecting runtime coverage data ...
]]></system-out>

      <system-err><![CDATA[]]></system-err>

  </testsuite>
  <testsuite errors="0" failures="0" id="10" name="CatalogBeanTest" package="com.ibatis.jpetstore.presentation" tests="8" time="0.57">
  
    <properties>
[...]
</properties>

      <testcase classname="com.ibatis.jpetstore.presentation.CatalogBeanTest" name="testShouldClearCatalogBean" time="0.544"></testcase>

      <testcase classname="com.ibatis.jpetstore.presentation.CatalogBeanTest" name="testShouldSwitchItemPageBackAndForth" time="0.0"></testcase>

      <testcase classname="com.ibatis.jpetstore.presentation.CatalogBeanTest" name="testShouldSearchProductsByKeyword" time="0.003"></testcase>

      <testcase classname="com.ibatis.jpetstore.presentation.CatalogBeanTest" name="testShouldFailToSearchProducts" time="0.001"></testcase>

      <testcase classname="com.ibatis.jpetstore.presentation.CatalogBeanTest" name="testShouldPopulateProductByIdForViewing" time="0.0"></testcase>

      <testcase classname="com.ibatis.jpetstore.presentation.CatalogBeanTest" name="testShouldSwitchProductPageBackAndForth" time="0.001"></testcase>

      <testcase classname="com.ibatis.jpetstore.presentation.CatalogBeanTest" name="testShouldPopulateCategoryByIdForViewing" time="0.0"></testcase>

      <testcase classname="com.ibatis.jpetstore.presentation.CatalogBeanTest" name="testShouldPopulateItemByIdForViewing" time="0.0"></testcase>

      <system-out><![CDATA[EMMA: collecting runtime coverage data ...
]]></system-out>

      <system-err><![CDATA[]]></system-err>

  </testsuite>
  <testsuite errors="0" failures="0" id="11" name="OrderBeanTest" package="com.ibatis.jpetstore.presentation" tests="14" time="0.567">
  
    <properties>
[...]
</properties>

      <testcase classname="com.ibatis.jpetstore.presentation.OrderBeanTest" name="testShouldForceSignonWhenAttemptingToCreateANewOrderWithoutBeingSignedIn" time="0.525"></testcase>

      <testcase classname="com.ibatis.jpetstore.presentation.OrderBeanTest" name="testShouldSwitchOrderListPagesBackAndForth" time="0.005"></testcase>

      <testcase classname="com.ibatis.jpetstore.presentation.OrderBeanTest" name="testShouldResetShippingAddressRequirement" time="0.001"></testcase>

      <testcase classname="com.ibatis.jpetstore.presentation.OrderBeanTest" name="testShouldFailDueToAMissingCart" time="0.011"></testcase>

      <testcase classname="com.ibatis.jpetstore.presentation.OrderBeanTest" name="testShouldSuccessfullyViewOrder" time="0.0"></testcase>

      <testcase classname="com.ibatis.jpetstore.presentation.OrderBeanTest" name="testShouldConfirmationBeforeNewOrder" time="0.0"></testcase>

      <testcase classname="com.ibatis.jpetstore.presentation.OrderBeanTest" name="testShouldFaileDueToMissingNewOrder" time="0.001"></testcase>

      <testcase classname="com.ibatis.jpetstore.presentation.OrderBeanTest" name="testShouldSuccessfullyCreateNewOrder" time="0.002"></testcase>

      <testcase classname="com.ibatis.jpetstore.presentation.OrderBeanTest" name="testShouldFailToViewOrderDueToMismatchedUsername" time="0.0"></testcase>

      <testcase classname="com.ibatis.jpetstore.presentation.OrderBeanTest" name="testShouldRequireShippingAddressBeforeNewOrder" time="0.0"></testcase>

      <testcase classname="com.ibatis.jpetstore.presentation.OrderBeanTest" name="testShouldGetCardTypes" time="0.0"></testcase>

      <testcase classname="com.ibatis.jpetstore.presentation.OrderBeanTest" name="testListListOrdersByUsername" time="0.0"></testcase>

      <testcase classname="com.ibatis.jpetstore.presentation.OrderBeanTest" name="testShouldClearAllFields" time="0.001"></testcase>

      <testcase classname="com.ibatis.jpetstore.presentation.OrderBeanTest" name="testSuccessfullyViewCart" time="0.0"></testcase>

      <system-out><![CDATA[EMMA: collecting runtime coverage data ...
]]></system-out>

      <system-err><![CDATA[]]></system-err>

  </testsuite>
  <testsuite errors="0" failures="0" id="12" name="AccountServiceTest" package="com.ibatis.jpetstore.service" tests="4" time="0.095">
  
    <properties>
[...]
</properties>

      <testcase classname="com.ibatis.jpetstore.service.AccountServiceTest" name="testShouldVerifyGetAccountIsCalledByUsernameAndPassword" time="0.073"></testcase>

      <testcase classname="com.ibatis.jpetstore.service.AccountServiceTest" name="testShouldVerifyGetAccountIsCalledByUsername" time="0.001"></testcase>

      <testcase classname="com.ibatis.jpetstore.service.AccountServiceTest" name="testShouldVerifyInsertAccountIsCalled" time="0.001"></testcase>

      <testcase classname="com.ibatis.jpetstore.service.AccountServiceTest" name="testShouldVerifyUpdateAccountIsCalled" time="0.0"></testcase>

      <system-out><![CDATA[EMMA: collecting runtime coverage data ...
]]></system-out>

      <system-err><![CDATA[]]></system-err>

  </testsuite>
  <testsuite errors="0" failures="0" id="13" name="CatalogServiceTest" package="com.ibatis.jpetstore.service" tests="8" time="0.1">
  
    <properties>
[...]
</properties>

      <testcase classname="com.ibatis.jpetstore.service.CatalogServiceTest" name="testCallSearchProductsOnProductDao" time="0.071"></testcase>

      <testcase classname="com.ibatis.jpetstore.service.CatalogServiceTest" name="testShouldFindProductIsInStock" time="0.004"></testcase>

      <testcase classname="com.ibatis.jpetstore.service.CatalogServiceTest" name="testShouldCallGetProductOnProductDao" time="0.0"></testcase>

      <testcase classname="com.ibatis.jpetstore.service.CatalogServiceTest" name="testShouldCallGetProductListByCategoryOnProductDao" time="0.001"></testcase>

      <testcase classname="com.ibatis.jpetstore.service.CatalogServiceTest" name="testShouldCallGetCategoryListOnCategoryDao" time="0.002"></testcase>

      <testcase classname="com.ibatis.jpetstore.service.CatalogServiceTest" name="testShouldCallGetCategoryOnCategoryDao" time="0.0"></testcase>

      <testcase classname="com.ibatis.jpetstore.service.CatalogServiceTest" name="testShouldCallGetItemListByProductOnItemDao" time="0.0"></testcase>

      <testcase classname="com.ibatis.jpetstore.service.CatalogServiceTest" name="testShouldCallGetItemOnItemDao" time="0.001"></testcase>

      <system-out><![CDATA[EMMA: collecting runtime coverage data ...
]]></system-out>

      <system-err><![CDATA[]]></system-err>

  </testsuite>
  <testsuite errors="0" failures="0" id="14" name="OrderServiceTest" package="com.ibatis.jpetstore.service" tests="4" time="0.108">
  
    <properties>
[...]
</properties>

      <testcase classname="com.ibatis.jpetstore.service.OrderServiceTest" name="testShouldCallGetNextIdOnSequenceDao" time="0.071"></testcase>

      <testcase classname="com.ibatis.jpetstore.service.OrderServiceTest" name="testShouldCallInsertOrderOnOrderDao" time="0.013"></testcase>

      <testcase classname="com.ibatis.jpetstore.service.OrderServiceTest" name="testShouldCallGetOrdersByUsernameOnOrderDao" time="0.001"></testcase>

      <testcase classname="com.ibatis.jpetstore.service.OrderServiceTest" name="testShouldCallGetOrderOnOrderDao" time="0.001"></testcase>

      <system-out><![CDATA[EMMA: collecting runtime coverage data ...
]]></system-out>

      <system-err><![CDATA[]]></system-err>

  </testsuite>
</testsuites>
